C51 COMPILER V9.60.0.0   LEDSWITCH                                                         10/25/2022 12:48:26 PAGE 1   


C51 COMPILER V9.60.0.0, COMPILATION OF MODULE LEDSWITCH
OBJECT MODULE PLACED IN .\Objects\ledSwitch.obj
COMPILER INVOKED BY: C:\Keil_v5\C51\BIN\C51.EXE ledSwitch.c OPTIMIZE(8,SPEED) BROWSE DEBUG OBJECTEXTEND PRINT(.\Listings
                    -\ledSwitch.lst) TABS(2) OBJECT(.\Objects\ledSwitch.obj)

line level    source

   1          #include <reg51.h>
   2          
   3          #define SWPORT P0 
   4          #define LEDPORT P2
   5          
   6          void main()
   7          {
   8   1        P0 = 0XFF; //This is the Input
   9   1        P2 = 0X00; //This is the expected output port that the Chipset will use.
  10   1        while(1)
  11   1        {
  12   2          LEDPORT = SWPORT;
  13   2        }
  14   1      }


MODULE INFORMATION:   STATIC OVERLAYABLE
   CODE SIZE        =     11    ----
   CONSTANT SIZE    =   ----    ----
   XDATA SIZE       =   ----    ----
   PDATA SIZE       =   ----    ----
   DATA SIZE        =   ----    ----
   IDATA SIZE       =   ----    ----
   BIT SIZE         =   ----    ----
END OF MODULE INFORMATION.


C51 COMPILATION COMPLETE.  0 WARNING(S),  0 ERROR(S)
