C51 COMPILER V9.60.0.0   BLINKLED                                                          10/25/2022 12:16:22 PAGE 1   


C51 COMPILER V9.60.0.0, COMPILATION OF MODULE BLINKLED
OBJECT MODULE PLACED IN .\Objects\blinkled.obj
COMPILER INVOKED BY: C:\Keil_v5\C51\BIN\C51.EXE blinkled.c OPTIMIZE(8,SPEED) BROWSE DEBUG OBJECTEXTEND PRINT(.\Listings\
                    -blinkled.lst) TABS(2) OBJECT(.\Objects\blinkled.obj)

line level    source

   1          #include <reg51.h>
   2          #define led P2 //port for connector in reg51 in the register
   3          void delay(void)//this function will delay: slow down
   4          {
   5   1        unsigned int i;
   6   1        for (i = 0; i < 50000; i++);
   7   1      }
   8          void main()
   9          {
  10   1        while(1)
  11   1        {
  12   2          led = 0x00;
  13   2          delay();
  14   2          led = 0xFF;
  15   2          delay();
  16   2        }
  17   1      }


MODULE INFORMATION:   STATIC OVERLAYABLE
   CODE SIZE        =     40    ----
   CONSTANT SIZE    =   ----    ----
   XDATA SIZE       =   ----    ----
   PDATA SIZE       =   ----    ----
   DATA SIZE        =   ----    ----
   IDATA SIZE       =   ----    ----
   BIT SIZE         =   ----    ----
END OF MODULE INFORMATION.


C51 COMPILATION COMPLETE.  0 WARNING(S),  0 ERROR(S)
