C51 COMPILER V9.60.0.0   CONFIGURECMP                                                      10/25/2022 22:58:01 PAGE 1   


C51 COMPILER V9.60.0.0, COMPILATION OF MODULE CONFIGURECMP
OBJECT MODULE PLACED IN .\Objects\configureCMP.obj
COMPILER INVOKED BY: C:\Keil_v5\C51\BIN\C51.EXE configureCMP.c OPTIMIZE(8,SPEED) BROWSE DEBUG OBJECTEXTEND PRINT(.\Listi
                    -ngs\configureCMP.lst) TABS(2) OBJECT(.\Objects\configureCMP.obj)

line level    source

   1          #include <reg52.h>
   2          #include <stdio.h>
   3          
   4          sbit ADC_CS = P2^4;
   5          sbit ADC_CLK = P2^5;
   6          sbit ADC_DO = P2^6; //ADC denote
   7          sbit ADC_DI = P2^7;
   8          
   9          void InitSerial(void); //Baud Rate//initialize serial peripheral interface
  10          unsigned int ReadADC(unsigned char channel);
  11          
  12          void InitSerial(void)
  13          {
  14   1        SCON = 0x52;//serial port control
  15   1        TMOD = 0x20;//hardware 9600 BAUD
  16   1        TH1 = 0xFD;
  17   1        TR1 = 1; //TIMER 1 ON
  18   1      }
  19          
  20          unsigned int ReadADC(unsigned char channel)
  21          {
  22   1        unsigned char i, k;
  23   1        unsigned int adcresult;
  24   1        ADC_CS = 0; //make the ADC slow
  25   1        k++; //delay for 1 microseconds
  26   1        ADC_CLK = 0;
  27   1        k++;k++; //delay fo 2 microseconds
  28   1        channel= channel?0xA0 : 0xD0; //mode selection
  29   1        k++;k++; //delay fo 2 microseconds
  30   1        
  31   1        for(i = 0; i < 4; i++)
  32   1        {
  33   2          ADC_DI = (channel&0x80);
  34   2          channel <= 1;
*** WARNING C275 IN LINE 34 OF configureCMP.c: expression with possibly no effect
  35   2          ADC_CLK = 1;
  36   2          k++;k++; //delay fo 2 microseconds
  37   2          ADC_CLK = 0;
  38   2        }
  39   1        k++;k++;//delay fo 2 microseconds
  40   1        
  41   1        ADC_CLK = 1;//clock 
  42   1        k++;k++;//delay fo 2 microseconds
  43   1        
  44   1        ADC_CLK = 0;//clock 
  45   1        
  46   1        adcresult = 0;
  47   1        
  48   1        for(i = 0; i < 12; i++)
  49   1        {
  50   2          ADC_CLK = 1;//clock 
  51   2          k++;k++;//delay fo 2 microseconds
  52   2          
  53   2          adcresult <= 1;
C51 COMPILER V9.60.0.0   CONFIGURECMP                                                      10/25/2022 22:58:01 PAGE 2   

*** WARNING C275 IN LINE 53 OF configureCMP.c: expression with possibly no effect
  54   2          adcresult = adcresult|(ADC_DO&0x01);
  55   2          
  56   2          ADC_CLK = 0;//clock 
  57   2          k++;k++;//delay fo 2 microseconds
  58   2      
  59   2        }
  60   1        ADC_CS =1;
  61   1        return(adcresult);
  62   1        
  63   1      }
  64          
  65          void main()
  66          
  67          {
  68   1        unsigned int CH0;
  69   1        InitSerial();
  70   1        putchar(0x0C);
  71   1        while(1)
  72   1        {
  73   2          CH0 = ReadADC(0);
  74   2          printf("Ch 0: %4d \n \r",CH0);
  75   2        }
  76   1      }
  77          


MODULE INFORMATION:   STATIC OVERLAYABLE
   CODE SIZE        =    154    ----
   CONSTANT SIZE    =     14    ----
   XDATA SIZE       =   ----    ----
   PDATA SIZE       =   ----    ----
   DATA SIZE        =   ----       3
   IDATA SIZE       =   ----    ----
   BIT SIZE         =   ----    ----
END OF MODULE INFORMATION.


C51 COMPILATION COMPLETE.  2 WARNING(S),  0 ERROR(S)
